{
  "RSpec": {
    "coverage": {
      "/home/nmerolle/tic-tac-toe-rb-online-web-sp-000/lib/tic_tac_toe.rb": [
        1,
        4,
        4,
        4,
        4,
        4,
        null,
        null,
        1,
        6,
        null,
        null,
        1,
        5,
        null,
        null,
        1,
        20,
        null,
        null,
        1,
        6,
        null,
        null,
        1,
        3,
        3,
        3,
        3,
        2,
        2,
        null,
        1,
        null,
        null,
        null,
        1,
        4,
        4,
        36,
        5,
        null,
        null,
        4,
        null,
        null,
        1,
        3,
        3,
        null,
        0,
        null,
        null,
        null,
        1,
        null,
        1,
        19,
        134,
        134,
        134,
        null,
        134,
        134,
        134,
        null,
        134,
        10,
        null,
        null,
        9,
        null,
        null,
        1,
        72,
        4,
        null,
        6,
        null,
        null,
        null,
        1,
        8,
        8,
        3,
        5,
        2,
        3,
        null,
        null,
        null,
        1,
        3,
        2,
        null,
        1,
        null,
        null,
        null,
        1,
        3,
        2,
        null,
        null,
        null,
        null,
        null,
        null,
        null,
        null,
        null,
        null,
        null,
        null
      ]
    },
    "timestamp": 1598271283
  }
}
