{
  "RSpec": {
    "coverage": {
      "/home/nmerolle/tic-tac-toe-rb-online-web-sp-000/lib/tic_tac_toe.rb": [
        1,
        19,
        19,
        19,
        19,
        19,
        null,
        null,
        1,
        21,
        null,
        null,
        1,
        20,
        null,
        null,
        1,
        418,
        null,
        null,
        1,
        21,
        null,
        null,
        1,
        18,
        18,
        18,
        18,
        17,
        17,
        null,
        1,
        null,
        null,
        null,
        1,
        19,
        19,
        171,
        30,
        null,
        null,
        19,
        null,
        null,
        1,
        18,
        13,
        null,
        5,
        null,
        null,
        null,
        1,
        null,
        1,
        133,
        909,
        909,
        909,
        null,
        909,
        909,
        909,
        null,
        909,
        40,
        null,
        null,
        93,
        null,
        null,
        1,
        275,
        42,
        null,
        10,
        null,
        null,
        null,
        1,
        42,
        42,
        7,
        35,
        28,
        7,
        null,
        null,
        null,
        1,
        19,
        10,
        null,
        9,
        null,
        null,
        null,
        1,
        7,
        6,
        0,
        6,
        0,
        null,
        null,
        null,
        null,
        null,
        1,
        12,
        15,
        null,
        12,
        5,
        7,
        3,
        null,
        null,
        null
      ]
    },
    "timestamp": 1598276030
  }
}
